<?xml version="1.0" encoding="UTF-8"?>
<coverage generated="1692785915486" clover="3.2.0">
  <project timestamp="1692785915486" name="All files">
    <metrics statements="11" coveredstatements="10" conditionals="1" coveredconditionals="0" methods="3" coveredmethods="2" elements="15" coveredelements="12" complexity="0" loc="11" ncloc="11" packages="1" files="2" classes="2"/>
    <file name="fallbackQuiz.js" path="C:\Users\CJ\Kartilo\assets\scripts\fallbackQuiz.js">
      <metrics statements="1" coveredstatements="1" conditionals="0" coveredconditionals="0" methods="0" coveredmethods="0"/>
      <line num="1" count="1" type="stmt"/>
    </file>
    <file name="logic.js" path="C:\Users\CJ\Kartilo\assets\scripts\logic.js">
      <metrics statements="10" coveredstatements="9" conditionals="1" coveredconditionals="0" methods="3" coveredmethods="2"/>
      <line num="5" count="7" type="stmt"/>
      <line num="8" count="7" type="stmt"/>
      <line num="11" count="49" type="stmt"/>
      <line num="12" count="49" type="stmt"/>
      <line num="15" count="49" type="stmt"/>
      <line num="19" count="7" type="stmt"/>
      <line num="25" count="3" type="stmt"/>
      <line num="28" count="3" type="stmt"/>
      <line num="30" count="3" type="stmt"/>
      <line num="34" count="0" type="stmt"/>
    </file>
  </project>
</coverage>
