{"C:\\Users\\CJ\\Kartilo\\assets\\scripts\\fallbackQuiz.js": {"path":"C:\\Users\\CJ\\Kartilo\\assets\\scripts\\fallbackQuiz.js","statementMap":{"0":{"start":{"line":1,"column":24},"end":{"line":110,"column":1}}},"fnMap":{},"branchMap":{},"s":{"0":1},"f":{},"b":{},"_coverageSchema":"1a1c01bbd47fc00a2c39e90264f33305004495a9","hash":"494d54d5e2899428442d2136ba301a8dbbee70b1"}
,"C:\\Users\\CJ\\Kartilo\\assets\\scripts\\logic.js": {"path":"C:\\Users\\CJ\\Kartilo\\assets\\scripts\\logic.js","statementMap":{"0":{"start":{"line":5,"column":21},"end":{"line":5,"column":33}},"1":{"start":{"line":8,"column":2},"end":{"line":17,"column":3}},"2":{"start":{"line":11,"column":4},"end":{"line":11,"column":59}},"3":{"start":{"line":12,"column":4},"end":{"line":12,"column":19}},"4":{"start":{"line":15,"column":4},"end":{"line":16,"column":47}},"5":{"start":{"line":19,"column":2},"end":{"line":19,"column":15}},"6":{"start":{"line":25,"column":22},"end":{"line":25,"column":46}},"7":{"start":{"line":28,"column":2},"end":{"line":28,"column":60}},"8":{"start":{"line":30,"column":2},"end":{"line":30,"column":23}}},"fnMap":{"0":{"name":"shuffle","decl":{"start":{"line":4,"column":9},"end":{"line":4,"column":16}},"loc":{"start":{"line":4,"column":24},"end":{"line":20,"column":1}},"line":4},"1":{"name":"retrieveQuestions","decl":{"start":{"line":23,"column":9},"end":{"line":23,"column":26}},"loc":{"start":{"line":23,"column":50},"end":{"line":31,"column":1}},"line":23}},"branchMap":{"0":{"loc":{"start":{"line":23,"column":27},"end":{"line":23,"column":48}},"type":"default-arg","locations":[{"start":{"line":23,"column":47},"end":{"line":23,"column":48}}],"line":23}},"s":{"0":1,"1":1,"2":4,"3":4,"4":4,"5":1,"6":0,"7":0,"8":0},"f":{"0":1,"1":0},"b":{"0":[0]},"_coverageSchema":"1a1c01bbd47fc00a2c39e90264f33305004495a9","hash":"0efd3be6ba75c8f00d86fefbb4c708d6d588534f"}
}
